Release 14.7 - xst P.20131013 (nt64)
Copyright (c) 1995-2013 Xilinx, Inc.  All rights reserved.
--> Parameter TMPDIR set to xst/projnav.tmp


Total REAL time to Xst completion: 0.00 secs
Total CPU time to Xst completion: 0.06 secs
 
--> Parameter xsthdpdir set to xst


Total REAL time to Xst completion: 0.00 secs
Total CPU time to Xst completion: 0.06 secs
 
--> Reading design: mips.prj

TABLE OF CONTENTS
  1) Synthesis Options Summary
  2) HDL Parsing
  3) HDL Elaboration
  4) HDL Synthesis
       4.1) HDL Synthesis Report
  5) Advanced HDL Synthesis
       5.1) Advanced HDL Synthesis Report
  6) Low Level Synthesis
  7) Partition Report
  8) Design Summary
       8.1) Primitive and Black Box Usage
       8.2) Device utilization summary
       8.3) Partition Resource Summary
       8.4) Timing Report
            8.4.1) Clock Information
            8.4.2) Asynchronous Control Signals Information
            8.4.3) Timing Summary
            8.4.4) Timing Details
            8.4.5) Cross Clock Domains Report


=========================================================================
*                      Synthesis Options Summary                        *
=========================================================================
---- Source Parameters
Input File Name                    : "mips.prj"
Ignore Synthesis Constraint File   : NO

---- Target Parameters
Output File Name                   : "mips"
Output Format                      : NGC
Target Device                      : xc6slx150-2-fgg676

---- Source Options
Top Module Name                    : mips
Automatic FSM Extraction           : YES
FSM Encoding Algorithm             : Auto
Safe Implementation                : No
FSM Style                          : LUT
RAM Extraction                     : Yes
RAM Style                          : Auto
ROM Extraction                     : Yes
Shift Register Extraction          : YES
ROM Style                          : Auto
Resource Sharing                   : YES
Asynchronous To Synchronous        : NO
Shift Register Minimum Size        : 2
Use DSP Block                      : Auto
Automatic Register Balancing       : No

---- Target Options
LUT Combining                      : Auto
Reduce Control Sets                : Auto
Add IO Buffers                     : YES
Global Maximum Fanout              : 100000
Add Generic Clock Buffer(BUFG)     : 16
Register Duplication               : YES
Optimize Instantiated Primitives   : NO
Use Clock Enable                   : Auto
Use Synchronous Set                : Auto
Use Synchronous Reset              : Auto
Pack IO Registers into IOBs        : Auto
Equivalent register Removal        : YES

---- General Options
Optimization Goal                  : Speed
Optimization Effort                : 1
Power Reduction                    : NO
Keep Hierarchy                     : No
Netlist Hierarchy                  : As_Optimized
RTL Output                         : Yes
Global Optimization                : AllClockNets
Read Cores                         : YES
Write Timing Constraints           : NO
Cross Clock Analysis               : NO
Hierarchy Separator                : /
Bus Delimiter                      : <>
Case Specifier                     : Maintain
Slice Utilization Ratio            : 100
BRAM Utilization Ratio             : 100
DSP48 Utilization Ratio            : 100
Auto BRAM Packing                  : NO
Slice Utilization Ratio Delta      : 5

=========================================================================


=========================================================================
*                          HDL Parsing                                  *
=========================================================================
Analyzing Verilog file "E:\ise project\P6\vegitabalecpu\piplelineplus\RF1.v" into library work
Parsing module <RF1>.
Analyzing Verilog file "E:\ise project\P6\vegitabalecpu\piplelineplus\Reg.v" into library work
Parsing module <Reg>.
Analyzing Verilog file "E:\ise project\P6\vegitabalecpu\piplelineplus\PC.v" into library work
Parsing module <PC>.
Analyzing Verilog file "E:\ise project\P6\vegitabalecpu\piplelineplus\NPC.v" into library work
Parsing module <NPC>.
Analyzing Verilog file "E:\ise project\P6\vegitabalecpu\piplelineplus\Mux5.v" into library work
Parsing module <Mux5>.
Analyzing Verilog file "E:\ise project\P6\vegitabalecpu\piplelineplus\Mux4r.v" into library work
Parsing module <Mux4r>.
Analyzing Verilog file "E:\ise project\P6\vegitabalecpu\piplelineplus\Mux4.v" into library work
Parsing module <Mux4>.
Parsing module <Mux2>.
Analyzing Verilog file "E:\ise project\P6\vegitabalecpu\piplelineplus\MulDiv.v" into library work
Parsing module <MulDiv>.
Analyzing Verilog file "E:\ise project\P6\vegitabalecpu\piplelineplus\Imem.v" into library work
Parsing module <Imem>.
Analyzing Verilog file "E:\ise project\P6\vegitabalecpu\piplelineplus\HazerdandStall.v" into library work
Parsing verilog file "define.v" included at line 1.
Parsing module <StallUnit>.
Parsing module <HazardUnit>.
Analyzing Verilog file "E:\ise project\P6\vegitabalecpu\piplelineplus\EXT.v" into library work
Parsing module <EXT>.
Analyzing Verilog file "E:\ise project\P6\vegitabalecpu\piplelineplus\control.v" into library work
Parsing verilog file "define.v" included at line 1.
Parsing module <Control_D>.
Parsing module <Control_E>.
Parsing module <Control_M>.
Parsing module <Control_W>.
Analyzing Verilog file "E:\ise project\P6\vegitabalecpu\piplelineplus\CMP.v" into library work
Parsing module <CMP>.
Analyzing Verilog file "E:\ise project\P6\vegitabalecpu\piplelineplus\BEextandDMandWBext.v" into library work
Parsing module <BEext>.
Parsing module <DM>.
Parsing module <WBext>.
Analyzing Verilog file "E:\ise project\P6\vegitabalecpu\piplelineplus\ALU.v" into library work
Parsing module <ALU>.
Analyzing Verilog file "E:\ise project\P6\vegitabalecpu\piplelineplus\mips.v" into library work
Parsing verilog file "define.v" included at line 1.
Parsing module <mips>.

=========================================================================
*                            HDL Elaboration                            *
=========================================================================

Elaborating module <mips>.

Elaborating module <HazardUnit>.

Elaborating module <StallUnit>.

Elaborating module <PC>.

Elaborating module <Imem>.
Reading initialization file \"code.txt\".
WARNING:HDLCompiler:1670 - "E:\ise project\P6\vegitabalecpu\piplelineplus\Imem.v" Line 8: Signal <Memory> in initial block is partially initialized.

Elaborating module <Reg>.

Elaborating module <Mux5>.

Elaborating module <RF1>.
"E:\ise project\P6\vegitabalecpu\piplelineplus\RF1.v" Line 92. $display  32'b................................ 5'b..... 32'b................................

Elaborating module <EXT>.

Elaborating module <CMP>.

Elaborating module <NPC>.

Elaborating module <Mux4>.

Elaborating module <Control_D>.
WARNING:HDLCompiler:189 - "E:\ise project\P6\vegitabalecpu\piplelineplus\mips.v" Line 188: Size mismatch in connection of port <dIn>. Formal port size is 32-bit while actual signal size is 1-bit.
WARNING:HDLCompiler:189 - "E:\ise project\P6\vegitabalecpu\piplelineplus\mips.v" Line 189: Size mismatch in connection of port <dOut>. Formal port size is 32-bit while actual signal size is 1-bit.

Elaborating module <Control_E>.

Elaborating module <Mux2>.

Elaborating module <ALU>.

Elaborating module <MulDiv>.
WARNING:HDLCompiler:189 - "E:\ise project\P6\vegitabalecpu\piplelineplus\mips.v" Line 278: Size mismatch in connection of port <dIn>. Formal port size is 32-bit while actual signal size is 1-bit.
WARNING:HDLCompiler:189 - "E:\ise project\P6\vegitabalecpu\piplelineplus\mips.v" Line 279: Size mismatch in connection of port <dOut>. Formal port size is 32-bit while actual signal size is 1-bit.

Elaborating module <Control_M>.

Elaborating module <BEext>.

Elaborating module <DM>.
"E:\ise project\P6\vegitabalecpu\piplelineplus\BEextandDMandWBext.v" Line 58. $display  32'b................................ 32'b..............................00 32'b................................
WARNING:HDLCompiler:189 - "E:\ise project\P6\vegitabalecpu\piplelineplus\mips.v" Line 333: Size mismatch in connection of port <dIn>. Formal port size is 32-bit while actual signal size is 1-bit.
WARNING:HDLCompiler:189 - "E:\ise project\P6\vegitabalecpu\piplelineplus\mips.v" Line 334: Size mismatch in connection of port <dOut>. Formal port size is 32-bit while actual signal size is 1-bit.

Elaborating module <Control_W>.

Elaborating module <WBext>.

Elaborating module <Mux4r>.
